<?xml version="1.0" encoding="UTF-8"?>
<!-- Generated by org.testng.reporters.JUnitReportReporter -->
<testsuite hostname="QB-IPL-2167" failures="1" tests="5" name="in.webc.gogo.test.landingpage.PharmaTest" time="104.972" errors="0" timestamp="2022-08-12T15:32:56 IST" skipped="0">
  <testcase classname="in.webc.gogo.test.landingpage.PharmaTest" name="searchAndCheckoutProdTC" time="47.355">
    <failure message="Verify Payment Success expected [null] but found [[[ChromeDriver: chrome on LINUX (c4a3de2a5ffeea02c1f3b0b0f045368d)] -&gt; xpath: //h1[text()=&#039;Payment Failed&#039;]]]" type="java.lang.AssertionError">
      <![CDATA[java.lang.AssertionError: Verify Payment Success expected [null] but found [[[ChromeDriver: chrome on LINUX (c4a3de2a5ffeea02c1f3b0b0f045368d)] -> xpath: //h1[text()='Payment Failed']]]
at org.testng.Assert.fail(Assert.java:110)
at org.testng.Assert.failNotSame(Assert.java:1409)
at org.testng.Assert.assertNull(Assert.java:1342)
at in.webc.gogo.teststeps.landingpage.PharmaTestSteps.doPayment(PharmaTestSteps.java:186)
at in.webc.gogo.test.landingpage.PharmaTest.searchAndCheckoutProdTC(PharmaTest.java:62)
at java.base/jdk.internal.reflect.NativeMethodAccessorImpl.invoke0(Native Method)
at java.base/jdk.internal.reflect.NativeMethodAccessorImpl.invoke(NativeMethodAccessorImpl.java:77)
at java.base/jdk.internal.reflect.DelegatingMethodAccessorImpl.invoke(DelegatingMethodAccessorImpl.java:43)
at java.base/java.lang.reflect.Method.invoke(Method.java:568)
at org.testng.internal.invokers.MethodInvocationHelper.invokeMethod(MethodInvocationHelper.java:135)
at org.testng.internal.invokers.TestInvoker.invokeMethod(TestInvoker.java:673)
at org.testng.internal.invokers.TestInvoker.invokeTestMethod(TestInvoker.java:220)
at org.testng.internal.invokers.MethodRunner.runInSequence(MethodRunner.java:50)
at org.testng.internal.invokers.TestInvoker$MethodInvocationAgent.invoke(TestInvoker.java:945)
at org.testng.internal.invokers.TestInvoker.invokeTestMethods(TestInvoker.java:193)
at org.testng.internal.invokers.TestMethodWorker.invokeTestMethods(TestMethodWorker.java:146)
at org.testng.internal.invokers.TestMethodWorker.run(TestMethodWorker.java:128)
at java.base/java.util.ArrayList.forEach(ArrayList.java:1511)
at org.testng.TestRunner.privateRun(TestRunner.java:808)
at org.testng.TestRunner.run(TestRunner.java:603)
at org.testng.SuiteRunner.runTest(SuiteRunner.java:429)
at org.testng.SuiteRunner.runSequentially(SuiteRunner.java:423)
at org.testng.SuiteRunner.privateRun(SuiteRunner.java:383)
at org.testng.SuiteRunner.run(SuiteRunner.java:326)
at org.testng.SuiteRunnerWorker.runSuite(SuiteRunnerWorker.java:52)
at org.testng.SuiteRunnerWorker.run(SuiteRunnerWorker.java:95)
at org.testng.TestNG.runSuitesSequentially(TestNG.java:1249)
at org.testng.TestNG.runSuitesLocally(TestNG.java:1169)
at org.testng.TestNG.runSuites(TestNG.java:1092)
at org.testng.TestNG.run(TestNG.java:1060)
at org.testng.remote.AbstractRemoteTestNG.run(AbstractRemoteTestNG.java:115)
at org.testng.remote.RemoteTestNG.initAndRun(RemoteTestNG.java:251)
at org.testng.remote.RemoteTestNG.main(RemoteTestNG.java:77)
]]>
    </failure>
  </testcase> <!-- searchAndCheckoutProdTC -->
  <system-out/>
  <testcase classname="in.webc.gogo.test.landingpage.PharmaTest" name="loginWithRightOtpTC" time="3.504"/>
  <system-out/>
  <testcase classname="in.webc.gogo.test.landingpage.PharmaTest" name="pageHeaderTC" time="51.442"/>
  <system-out/>
  <testcase classname="in.webc.gogo.test.landingpage.PharmaTest" name="wrongOtpLoginTC" time="2.443"/>
  <system-out/>
  <testcase classname="in.webc.gogo.test.landingpage.PharmaTest" name="pageUrlTC" time="0.228"/>
  <system-out/>
</testsuite> <!-- in.webc.gogo.test.landingpage.PharmaTest -->
