<?xml version="1.0" encoding="UTF-8"?>
<testng-results ignored="0" total="5" passed="4" failed="1" skipped="0">
  <reporter-output>
  </reporter-output>
  <suite started-at="2022-08-12T15:31:11 IST" name="Default suite" finished-at="2022-08-12T15:32:56 IST" duration-ms="105016">
    <groups>
    </groups>
    <test started-at="2022-08-12T15:31:11 IST" name="Default test" finished-at="2022-08-12T15:32:56 IST" duration-ms="105016">
      <class name="in.webc.gogo.test.landingpage.PharmaTest">
        <test-method is-config="true" signature="beforeFirstTestCaseMethod()[pri:0, instance:in.webc.gogo.test.landingpage.PharmaTest@29626d54]" started-at="2022-08-12T15:31:07 IST" name="beforeFirstTestCaseMethod" finished-at="2022-08-12T15:31:11 IST" duration-ms="3973" status="PASS">
          <reporter-output>
          </reporter-output>
        </test-method> <!-- beforeFirstTestCaseMethod -->
        <test-method signature="pageHeaderTC()[pri:0, instance:in.webc.gogo.test.landingpage.PharmaTest@29626d54]" started-at="2022-08-12T15:31:11 IST" name="pageHeaderTC" description="Verify Website Header" finished-at="2022-08-12T15:32:02 IST" duration-ms="51441" status="PASS">
          <reporter-output>
          </reporter-output>
        </test-method> <!-- pageHeaderTC -->
        <test-method is-config="true" signature="afterEveryTestCaseMethod(org.testng.ITestResult)[pri:0, instance:in.webc.gogo.test.landingpage.PharmaTest@29626d54]" started-at="2022-08-12T15:32:02 IST" name="afterEveryTestCaseMethod" finished-at="2022-08-12T15:32:02 IST" duration-ms="12" status="PASS">
          <params>
            <param index="0">
              <value>
                <![CDATA[[TestResult name=pageHeaderTC status=SUCCESS method=PharmaTest.pageHeaderTC()[pri:0, instance:in.webc.gogo.test.landingpage.PharmaTest@29626d54] output={null}]]]>
              </value>
            </param>
          </params>
          <reporter-output>
          </reporter-output>
        </test-method> <!-- afterEveryTestCaseMethod -->
        <test-method signature="pageUrlTC()[pri:0, instance:in.webc.gogo.test.landingpage.PharmaTest@29626d54]" started-at="2022-08-12T15:32:02 IST" name="pageUrlTC" description="verify page url" finished-at="2022-08-12T15:32:02 IST" depends-on-methods="in.webc.gogo.test.landingpage.PharmaTest.pageHeaderTC" duration-ms="13" status="PASS">
          <reporter-output>
          </reporter-output>
        </test-method> <!-- pageUrlTC -->
        <test-method is-config="true" signature="afterEveryTestCaseMethod(org.testng.ITestResult)[pri:0, instance:in.webc.gogo.test.landingpage.PharmaTest@29626d54]" started-at="2022-08-12T15:32:02 IST" name="afterEveryTestCaseMethod" finished-at="2022-08-12T15:32:02 IST" duration-ms="0" status="PASS">
          <params>
            <param index="0">
              <value>
                <![CDATA[[TestResult name=pageUrlTC status=SUCCESS method=PharmaTest.pageUrlTC()[pri:0, instance:in.webc.gogo.test.landingpage.PharmaTest@29626d54] output={null}]]]>
              </value>
            </param>
          </params>
          <reporter-output>
          </reporter-output>
        </test-method> <!-- afterEveryTestCaseMethod -->
        <test-method signature="wrongOtpLoginTC()[pri:0, instance:in.webc.gogo.test.landingpage.PharmaTest@29626d54]" started-at="2022-08-12T15:32:02 IST" name="wrongOtpLoginTC" description="verify login for wrong otp" finished-at="2022-08-12T15:32:05 IST" depends-on-methods="in.webc.gogo.test.landingpage.PharmaTest.pageHeaderTC" duration-ms="2442" status="PASS">
          <reporter-output>
          </reporter-output>
        </test-method> <!-- wrongOtpLoginTC -->
        <test-method is-config="true" signature="afterEveryTestCaseMethod(org.testng.ITestResult)[pri:0, instance:in.webc.gogo.test.landingpage.PharmaTest@29626d54]" started-at="2022-08-12T15:32:05 IST" name="afterEveryTestCaseMethod" finished-at="2022-08-12T15:32:05 IST" duration-ms="1" status="PASS">
          <params>
            <param index="0">
              <value>
                <![CDATA[[TestResult name=wrongOtpLoginTC status=SUCCESS method=PharmaTest.wrongOtpLoginTC()[pri:0, instance:in.webc.gogo.test.landingpage.PharmaTest@29626d54] output={null}]]]>
              </value>
            </param>
          </params>
          <reporter-output>
          </reporter-output>
        </test-method> <!-- afterEveryTestCaseMethod -->
        <test-method signature="loginWithRightOtpTC()[pri:0, instance:in.webc.gogo.test.landingpage.PharmaTest@29626d54]" started-at="2022-08-12T15:32:05 IST" name="loginWithRightOtpTC" description="verify login for right otp" finished-at="2022-08-12T15:32:08 IST" depends-on-methods="in.webc.gogo.test.landingpage.PharmaTest.wrongOtpLoginTC" duration-ms="3504" status="PASS">
          <reporter-output>
          </reporter-output>
        </test-method> <!-- loginWithRightOtpTC -->
        <test-method is-config="true" signature="afterEveryTestCaseMethod(org.testng.ITestResult)[pri:0, instance:in.webc.gogo.test.landingpage.PharmaTest@29626d54]" started-at="2022-08-12T15:32:08 IST" name="afterEveryTestCaseMethod" finished-at="2022-08-12T15:32:08 IST" duration-ms="1" status="PASS">
          <params>
            <param index="0">
              <value>
                <![CDATA[[TestResult name=loginWithRightOtpTC status=SUCCESS method=PharmaTest.loginWithRightOtpTC()[pri:0, instance:in.webc.gogo.test.landingpage.PharmaTest@29626d54] output={null}]]]>
              </value>
            </param>
          </params>
          <reporter-output>
          </reporter-output>
        </test-method> <!-- afterEveryTestCaseMethod -->
        <test-method signature="searchAndCheckoutProdTC()[pri:0, instance:in.webc.gogo.test.landingpage.PharmaTest@29626d54]" started-at="2022-08-12T15:32:08 IST" name="searchAndCheckoutProdTC" description="Search, Add, Modify and Checkout products" finished-at="2022-08-12T15:32:56 IST" depends-on-methods="in.webc.gogo.test.landingpage.PharmaTest.loginWithRightOtpTC" duration-ms="47343" status="FAIL">
          <exception class="java.lang.AssertionError">
            <message>
              <![CDATA[Verify Payment Success expected [null] but found [[[ChromeDriver: chrome on LINUX (c4a3de2a5ffeea02c1f3b0b0f045368d)] -> xpath: //h1[text()='Payment Failed']]]]]>
            </message>
            <full-stacktrace>
              <![CDATA[java.lang.AssertionError: Verify Payment Success expected [null] but found [[[ChromeDriver: chrome on LINUX (c4a3de2a5ffeea02c1f3b0b0f045368d)] -> xpath: //h1[text()='Payment Failed']]]
at org.testng.Assert.fail(Assert.java:110)
at org.testng.Assert.failNotSame(Assert.java:1409)
at org.testng.Assert.assertNull(Assert.java:1342)
at in.webc.gogo.teststeps.landingpage.PharmaTestSteps.doPayment(PharmaTestSteps.java:186)
at in.webc.gogo.test.landingpage.PharmaTest.searchAndCheckoutProdTC(PharmaTest.java:62)
at java.base/jdk.internal.reflect.NativeMethodAccessorImpl.invoke0(Native Method)
at java.base/jdk.internal.reflect.NativeMethodAccessorImpl.invoke(NativeMethodAccessorImpl.java:77)
at java.base/jdk.internal.reflect.DelegatingMethodAccessorImpl.invoke(DelegatingMethodAccessorImpl.java:43)
at java.base/java.lang.reflect.Method.invoke(Method.java:568)
at org.testng.internal.invokers.MethodInvocationHelper.invokeMethod(MethodInvocationHelper.java:135)
at org.testng.internal.invokers.TestInvoker.invokeMethod(TestInvoker.java:673)
at org.testng.internal.invokers.TestInvoker.invokeTestMethod(TestInvoker.java:220)
at org.testng.internal.invokers.MethodRunner.runInSequence(MethodRunner.java:50)
at org.testng.internal.invokers.TestInvoker$MethodInvocationAgent.invoke(TestInvoker.java:945)
at org.testng.internal.invokers.TestInvoker.invokeTestMethods(TestInvoker.java:193)
at org.testng.internal.invokers.TestMethodWorker.invokeTestMethods(TestMethodWorker.java:146)
at org.testng.internal.invokers.TestMethodWorker.run(TestMethodWorker.java:128)
at java.base/java.util.ArrayList.forEach(ArrayList.java:1511)
at org.testng.TestRunner.privateRun(TestRunner.java:808)
at org.testng.TestRunner.run(TestRunner.java:603)
at org.testng.SuiteRunner.runTest(SuiteRunner.java:429)
at org.testng.SuiteRunner.runSequentially(SuiteRunner.java:423)
at org.testng.SuiteRunner.privateRun(SuiteRunner.java:383)
at org.testng.SuiteRunner.run(SuiteRunner.java:326)
at org.testng.SuiteRunnerWorker.runSuite(SuiteRunnerWorker.java:52)
at org.testng.SuiteRunnerWorker.run(SuiteRunnerWorker.java:95)
at org.testng.TestNG.runSuitesSequentially(TestNG.java:1249)
at org.testng.TestNG.runSuitesLocally(TestNG.java:1169)
at org.testng.TestNG.runSuites(TestNG.java:1092)
at org.testng.TestNG.run(TestNG.java:1060)
at org.testng.remote.AbstractRemoteTestNG.run(AbstractRemoteTestNG.java:115)
at org.testng.remote.RemoteTestNG.initAndRun(RemoteTestNG.java:251)
at org.testng.remote.RemoteTestNG.main(RemoteTestNG.java:77)
]]>
            </full-stacktrace>
          </exception> <!-- java.lang.AssertionError -->
          <reporter-output>
          </reporter-output>
        </test-method> <!-- searchAndCheckoutProdTC -->
        <test-method is-config="true" signature="afterEveryTestCaseMethod(org.testng.ITestResult)[pri:0, instance:in.webc.gogo.test.landingpage.PharmaTest@29626d54]" started-at="2022-08-12T15:32:56 IST" name="afterEveryTestCaseMethod" finished-at="2022-08-12T15:32:56 IST" duration-ms="215" status="PASS">
          <params>
            <param index="0">
              <value>
                <![CDATA[[TestResult name=searchAndCheckoutProdTC status=FAILURE method=PharmaTest.searchAndCheckoutProdTC()[pri:0, instance:in.webc.gogo.test.landingpage.PharmaTest@29626d54] output={null}]]]>
              </value>
            </param>
          </params>
          <reporter-output>
          </reporter-output>
        </test-method> <!-- afterEveryTestCaseMethod -->
        <test-method is-config="true" signature="afterLastCaseMethod()[pri:0, instance:in.webc.gogo.test.landingpage.PharmaTest@29626d54]" started-at="2022-08-12T15:32:56 IST" name="afterLastCaseMethod" finished-at="2022-08-12T15:32:56 IST" duration-ms="86" status="PASS">
          <reporter-output>
          </reporter-output>
        </test-method> <!-- afterLastCaseMethod -->
      </class> <!-- in.webc.gogo.test.landingpage.PharmaTest -->
    </test> <!-- Default test -->
  </suite> <!-- Default suite -->
</testng-results>
